<?xml version="1.0" encoding="UTF-8" ?>
<testsuite errors="0" failures="0" hostname="pieter-laptop" name="prono.PouleTests" tests="1" time="0.0050" timestamp="2010-06-03T19:07:43">
  <properties />
  <testcase classname="prono.PouleTests" name="testSomething" time="0.0030" />
  <system-out><![CDATA[--Output from testSomething--
]]></system-out>
  <system-err><![CDATA[--Output from testSomething--
]]></system-err>
</testsuite>
