<?xml version="1.0" encoding="UTF-8" ?>
<testsuite errors="1" failures="0" hostname="pieter-laptop" name="prono.WkTournamentBuilderTests" tests="1" time="0.086" timestamp="2010-06-03T19:07:43">
  <properties />
  <testcase classname="prono.WkTournamentBuilderTests" name="testBuildNewWkTournament" time="0.085">
    <error message="Cannot cast object &apos;true&apos; with class &apos;java.lang.Boolean&apos; to class &apos;prono.Tournament&apos;" type="org.codehaus.groovy.runtime.typehandling.GroovyCastException">org.codehaus.groovy.runtime.typehandling.GroovyCastException: Cannot cast object &apos;true&apos; with class &apos;java.lang.Boolean&apos; to class &apos;prono.Tournament&apos;
	at prono.WkTournamentBuilder.buildNewWkTournament(WkTournamentBuilder.groovy:63)
	at prono.WkTournamentBuilder$buildNewWkTournament.call(Unknown Source)
	at prono.WkTournamentBuilderTests.testBuildNewWkTournament(WkTournamentBuilderTests.groovy:15)
	at TestApp$_run_closure4.doCall(TestApp:262)
	at TestApp$_run_closure4.call(TestApp)
	at TestApp$_run_closure2.doCall(TestApp:221)
	at TestApp$_run_closure1_closure21.doCall(TestApp:181)
	at TestApp$_run_closure1.doCall(TestApp:168)
	at TestApp$_run_closure1.doCall(TestApp.groovy:102)
	at gant.Gant$_dispatch_closure5.doCall(Gant.groovy:381)
	at gant.Gant$_dispatch_closure7.doCall(Gant.groovy:415)
	at gant.Gant$_dispatch_closure7.doCall(Gant.groovy)
	at gant.Gant.withBuildListeners(Gant.groovy:427)
	at gant.Gant.this$2$withBuildListeners(Gant.groovy)
	at gant.Gant$this$2$withBuildListeners.callCurrent(Unknown Source)
	at gant.Gant.dispatch(Gant.groovy:415)
	at gant.Gant.this$2$dispatch(Gant.groovy)
	at gant.Gant.invokeMethod(Gant.groovy)
	at gant.Gant.executeTargets(Gant.groovy:590)
	at gant.Gant.executeTargets(Gant.groovy:589)
</error>
  </testcase>
  <system-out><![CDATA[--Output from testBuildNewWkTournament--
]]></system-out>
  <system-err><![CDATA[--Output from testBuildNewWkTournament--
]]></system-err>
</testsuite>
